<?xml version="1.0" encoding="UTF-8"?>
<Site BuildName="Linux-c++"
	BuildStamp="20240303-0746-Experimental"
	Name="m5"
	Generator="ctest-3.25.1"
	CompilerName="/usr/bin/c++"
	CompilerVersion="12.2.0"
	OSName="Linux"
	Hostname="m5"
	OSRelease="6.1.0-18-amd64"
	OSVersion="#1 SMP PREEMPT_DYNAMIC Debian 6.1.76-1 (2024-02-01)"
	OSPlatform="x86_64"
	Is64Bits="1"
	VendorString="AuthenticAMD"
	VendorID="Advanced Micro Devices"
	FamilyID="23"
	ModelID="104"
	ProcessorCacheSize="512"
	NumberOfLogicalCPU="16"
	NumberOfPhysicalCPU="8"
	TotalVirtualMemory="975"
	TotalPhysicalMemory="11837"
	LogicalProcessorsPerPhysical="2"
	ProcessorClockFrequency="3124.95"
	>
	<Testing>
		<StartDateTime>Mar 03 20:23 CST</StartDateTime>
		<StartTestTime>1709468617</StartTestTime>
		<TestList/>
		<EndDateTime>Mar 03 20:23 CST</EndDateTime>
		<EndTestTime>1709468617</EndTestTime>
		<ElapsedMinutes>0</ElapsedMinutes>
	</Testing>
</Site>
